
> xenog@1.0.0 start:clean
> npm run clean:metro && expo start --dev-client --clear --max-workers 1


> xenog@1.0.0 clean:metro
> node ./scripts/clean-metro-cache.js

Removed C:\Users\rakib\AppData\Local\Temp\metro-file-map-ef2c912aca17ff1dc29d47f58abd35ba-0e3209878a5403fbc5960c7958e575d2
Removed C:\Users\rakib\projects\spark-tech\xenog\xenog-app\.expo\web\cache
env: load .env
env: export EXPO_PUBLIC_API_BASE_URL EXPO_PUBLIC_APP_SCHEME EXPO_PUBLIC_MAPBOX_ACCESS_TOKEN EXPO_PUBLIC_STRIPE_CONNECT_CALLBACK_PATH EXPO_PUBLIC_STRIPE_MERCHANT_IDENTIFIER EXPO_PUBLIC_STRIPE_PUBLISHABLE_KEY RNMAPBOX_MAPS_DOWNLOAD_TOKEN
Starting project at C:\Users\rakib\projects\spark-tech\xenog\xenog-app
React Compiler enabled
Starting Metro Bundler

warning: Bundler cache is empty, rebuilding (this may take a minute)
Waiting on http://localhost:8081
Logs for your project will appear below.
Android node_modules\expo-router\entry.js ░░░░░░░░░░░░░░░░  0.0% (0/1)
Android node_modules\expo-router\entry.js ▓▓▓░░░░░░░░░░░░░ 20.7% ( 21/155)
Android node_modules\expo-router\entry.js ▓▓▓░░░░░░░░░░░░░ 20.7% (156/477)
Android node_modules\expo-router\entry.js ▓▓▓▓░░░░░░░░░░░░ 31.2% (471/900)
Android node_modules\expo-router\entry.js ▓▓▓▓▓▓▓▓░░░░░░░░ 50.9% ( 888/1245)
Android node_modules\expo-router\entry.js ▓▓▓▓▓▓▓▓▓░░░░░░░ 60.7% (1230/1579)
Android node_modules\expo-router\entry.js ▓▓▓▓▓▓▓▓▓▓░░░░░░ 65.2% (1542/1910)
Android node_modules\expo-router\entry.js ▓▓▓▓▓▓▓▓▓▓▓░░░░░ 74.5% (1873/2170)
Android node_modules\expo-router\entry.js ▓▓▓▓▓▓▓▓▓▓▓▓▓▓░░ 90.2% (2313/2436)
Android Bundled 68041ms node_modules\expo-router\entry.js (2702 modules)
Android node_modules\expo-router\entry.js ▓▓▓▓▓▓▓▓▓▓▓▓▓▓▓░ 99.7% (2698/2702)
 WARN  Deep imports from the 'react-native' package are deprecated ('react-native/Libraries/LogBox/Data/LogBoxLog'). Source: C:\Users\rakib\projects\spark-tech\xenog\xenog-app\lib\installLogBoxStackGuard.ts 27:28
 LOG  [Realtime] Connected 
 LOG  [Realtime] Ready — authenticated 
 LOG  [StoryPlaybackTiming] media-url-generation {"durationMs": 0, "storyCount": 7}
 LOG  [StoryPlaybackTiming] media-url-generation {"durationMs": 1, "storyCount": 6}
 LOG  [StoryCreateTiming] camera-picture-size:available sizes {"count": 22, "selectedSize": "1920x1080", "stepMs": 11, "totalMs": 11}
 LOG  [StoryCreateTiming] record-video:start {"stepMs": 1, "totalMs": 1}
 LOG  [StoryCreateTiming] record-video:stop requested {"stepMs": 0, "totalMs": 0}
 LOG  [StoryCreateTiming] record-video:camera record result {"hasUri": true, "stepMs": 4354, "totalMs": 4355}
 LOG  [StoryCreateTiming] record-video:recorded video size {"bytes": 681357, "stepMs": 403, "totalMs": 4758}
 LOG  [StoryCreateTiming] preview:rendered {"mediaType": "video", "stepMs": 696, "totalMs": 696}
 LOG  [StoryCreateTiming] publish-video:start {"contentType": "video/mp4", "hasMedia": true, "mediaType": "video", "source": "camera", "stepMs": 0, "totalMs": 0}
 LOG  [StoryCreateTiming] publish-video:video compression/check start {"stepMs": 3, "totalMs": 3}
 LOG  [StoryCreateTiming] publish-video:video preparation complete {"bytes": 681357, "contentType": "video/mp4", "optimizedUriChanged": false, "stepMs": 89, "totalMs": 92}
 LOG  [StoryCreateTiming] publish-video:storage upload start {"stepMs": 19, "totalMs": 111}
 LOG  [StoryCreateTiming] storage:upload-url request start {"contentType": "video/mp4", "key": "stories/1783182804740.mp4", "stepMs": 0, "totalMs": 0}
 LOG  [StoryCreateTiming] storage:upload-url request complete {"key": "stories/1783182804740.mp4", "stepMs": 77, "totalMs": 77}
 LOG  [StoryCreateTiming] storage:blob read start {"key": "stories/1783182804740.mp4", "stepMs": 1, "totalMs": 78}
 LOG  [StoryCreateTiming] storage:blob read complete {"bytes": 681357, "key": "stories/1783182804740.mp4", "stepMs": 21, "totalMs": 99}
 LOG  [StoryCreateTiming] storage:direct upload start {"key": "stories/1783182804740.mp4", "stepMs": 6, "totalMs": 105}
 LOG  [StoryCreateTiming] upload progress update {"eventCount": 1, "progress": 0.0000014676593914790631}
 LOG  [StoryCreateTiming] upload progress update {"eventCount": 2, "progress": 0.030552265552419657}
 LOG  [StoryCreateTiming] upload progress update {"eventCount": 3, "progress": 0.05710809458184182}
 LOG  [StoryCreateTiming] upload progress update {"eventCount": 4, "progress": 0.10010757943339542}
 LOG  [StoryCreateTiming] upload progress update {"eventCount": 5, "progress": 0.14586332862214668}
 LOG  [StoryCreateTiming] upload progress update {"eventCount": 6, "progress": 0.24837346647939332}
 LOG  [StoryCreateTiming] upload progress update {"eventCount": 7, "progress": 0.9634406045582565}
 LOG  [StoryCreateTiming] upload progress update {"eventCount": 8, "progress": 1}
 LOG  [StoryCreateTiming] storage:direct upload complete {"key": "stories/1783182804740.mp4", "stepMs": 5071, "totalMs": 5176}
 LOG  [StoryCreateTiming] publish-video:storage upload complete {"progressEvents": 15, "stepMs": 5182, "storageKey": "stories/1783182804740.mp4", "totalMs": 5293}
 LOG  [StoryCreateTiming] publish-video:create story API start {"stepMs": 3, "totalMs": 5296}
 LOG  [StoryCreateTiming] publish-video:create story API complete {"stepMs": 956, "totalMs": 6252}
 LOG  [Realtime] Connected 
 LOG  [Realtime] Ready — authenticated 
Android node_modules\expo-location\build\index.js ░░░░░░░░░░░░░░░░  0.0% (0/1)
Android node_modules\expo-notifications\build\index.js ░░░░░░░░░░░░░░░░  0.0% (0/1)
Android node_modules\expo-location\build\index.js ▓▓▓▓▓▓░░░░░░░░░░ 39.9% (171/292)
Android node_modules\expo-notifications\build\index.js ░░░░░░░░░░░░░░░░  0.0% (0/1)
Android node_modules\expo-location\build\index.js ▓▓▓▓▓▓▓▓▓▓▓▓░░░░ 77.4% (431/490)
Android node_modules\expo-notifications\build\index.js ░░░░░░░░░░░░░░░░  0.0% (0/1)
Android node_modules\expo-location\build\index.js ▓▓▓▓▓▓▓▓▓▓▓▓▓▓░░ 92.5% (654/680)
Android node_modules\expo-notifications\build\index.js ░░░░░░░░░░░░░░░░  0.0% (0/1)
Android node_modules\expo-location\build\index.js ▓▓▓▓▓▓▓▓▓▓▓▓▓▓▓░ 95.2% (676/693)
Android node_modules\expo-notifications\build\index.js ▓▓▓▓▓▓░░░░░░░░░░ 41.5% (230/357)
Android node_modules\expo-location\build\index.js ▓▓▓▓▓▓▓▓▓▓▓▓▓▓▓░ 95.2% (676/693)
Android node_modules\expo-notifications\build\index.js ▓▓▓▓▓▓▓▓▓▓▓▓░░░░ 79.5% (493/553)
 LOG  [StoryPlaybackTiming] media-url-generation {"durationMs": 0, "storyCount": 6}
 LOG  [StoryPlaybackTiming] media-url-generation {"durationMs": 0, "storyCount": 8}
Android Bundled 23865ms node_modules\expo-location\build\index.js (693 modules)
Android node_modules\expo-notifications\build\index.js ▓▓▓▓▓▓▓▓▓▓▓▓▓▓▓░ 95.5% (730/747)
Android Bundled 23903ms node_modules\expo-notifications\build\index.js (755 modules)
 LOG  [Push] FCM token exists: true platform: android
 LOG  [Push] Registration attempt 1 platform: android
 LOG  [Push] Registration success
 LOG  [StoryPlaybackTiming] metadata-parsed {"mediaTypes": ["image", "video"], "parseMs": 1, "sinceOpenMs": 185, "storyCount": 2}
 LOG  [StoryPlaybackTiming] player-initialized {"initializeMs": 238, "sinceOpenMs": 422}
 LOG  [StoryPlaybackTiming] next-video-preloaded {"preloadMs": 107, "storyId": "6a4935d7fea81711940985b6"}
 LOG  [StoryPlaybackTiming] image-request-start {"sinceOpenMs": 650, "storyId": "6a492e71fea81711940983c7"}
 LOG  [StoryPlaybackTiming] image-displayed {"sinceOpenMs": 651, "storyId": "6a492e71fea81711940983c7"}
 LOG  [StoryPlaybackTiming] image-loaded {"sinceOpenMs": 717, "storyId": "6a492e71fea81711940983c7"}
 LOG  [StoryPlaybackTiming] media-url-generation {"durationMs": 0, "storyCount": 6}
 LOG  [StoryPlaybackTiming] media-url-generation {"durationMs": 0, "storyCount": 8}
 LOG  [StoryPlaybackTiming] video-request-start {"sinceOpenMs": 8926, "storyId": "6a4935d7fea81711940985b6"}
 LOG  [StoryPlaybackTiming] video-status {"oldStatus": "readyToPlay", "sinceRequestMs": 82, "status": "loading", "storyId": "6a4935d7fea81711940985b6"}
 LOG  [StoryPlaybackTiming] video-status {"oldStatus": "loading", "sinceRequestMs": 84, "status": "readyToPlay", "storyId": "6a4935d7fea81711940985b6"}
 LOG  [StoryPlaybackTiming] video-playing {"requestToPlayingMs": 85, "sinceOpenMs": 9011, "storyId": "6a4935d7fea81711940985b6"}
 LOG  [StoryPlaybackTiming] first-frame {"bufferingMs": 2, "requestToFirstFrameMs": 87, "sourceLoadToFirstFrameMs": null, "storyId": "6a4935d7fea81711940985b6", "storyOpenToFirstFrameMs": 9013}
 LOG  [StoryPlaybackTiming] video-status {"oldStatus": "readyToPlay", "sinceRequestMs": 2321, "status": "loading", "storyId": "6a4935d7fea81711940985b6"}
 LOG  [StoryPlaybackTiming] video-status {"oldStatus": "loading", "sinceRequestMs": 2826, "status": "readyToPlay", "storyId": "6a4935d7fea81711940985b6"}
 LOG  [StoryPlaybackTiming] video-status {"oldStatus": "readyToPlay", "sinceRequestMs": 4078, "status": "loading", "storyId": "6a4935d7fea81711940985b6"}
 LOG  [StoryPlaybackTiming] video-status {"oldStatus": "loading", "sinceRequestMs": 6154, "status": "readyToPlay", "storyId": "6a4935d7fea81711940985b6"}
 LOG  [StoryPlaybackTiming] video-status {"oldStatus": "readyToPlay", "sinceRequestMs": 7043, "status": "idle", "storyId": "6a4935d7fea81711940985b6"}
 LOG  [StoryPlaybackTiming] image-request-start {"sinceOpenMs": 16222, "storyId": "6a47ecfbd58fff43ef857e02"}
 LOG  [StoryPlaybackTiming] image-request-start {"sinceOpenMs": 16223, "storyId": "6a47ecfbd58fff43ef857e02"}
 LOG  [StoryPlaybackTiming] image-displayed {"sinceOpenMs": 16225, "storyId": "6a47ecfbd58fff43ef857e02"}
 LOG  [StoryPlaybackTiming] image-loaded {"sinceOpenMs": 16226, "storyId": "6a47ecfbd58fff43ef857e02"}
 LOG  [StoryPlaybackTiming] image-request-start {"sinceOpenMs": 21327, "storyId": "6a47edaad58fff43ef857ec8"}
 LOG  [StoryPlaybackTiming] image-displayed {"sinceOpenMs": 21329, "storyId": "6a47edaad58fff43ef857ec8"}
 LOG  [StoryPlaybackTiming] image-loaded {"sinceOpenMs": 21330, "storyId": "6a47edaad58fff43ef857ec8"}
 LOG  [StoryPlaybackTiming] image-request-start {"sinceOpenMs": 26461, "storyId": "6a47edd9d58fff43ef857f2a"}
 LOG  [StoryPlaybackTiming] image-displayed {"sinceOpenMs": 26463, "storyId": "6a47edd9d58fff43ef857f2a"}
 LOG  [StoryPlaybackTiming] image-loaded {"sinceOpenMs": 26464, "storyId": "6a47edd9d58fff43ef857f2a"}
 LOG  [StoryPlaybackTiming] image-request-start {"sinceOpenMs": 31514, "storyId": "6a47fbcfd58fff43ef8580f3"}
 LOG  [StoryPlaybackTiming] next-video-preloaded {"preloadMs": 51, "storyId": "6a48008ed58fff43ef858733"}
 LOG  [StoryPlaybackTiming] image-displayed {"sinceOpenMs": 31579, "storyId": "6a47fbcfd58fff43ef8580f3"}
 LOG  [StoryPlaybackTiming] image-loaded {"sinceOpenMs": 31581, "storyId": "6a47fbcfd58fff43ef8580f3"}
 LOG  [Realtime] Connected 
 LOG  [Realtime] Ready — authenticated 
 LOG  [StoryPlaybackTiming] media-url-generation {"durationMs": 0, "storyCount": 6}
 LOG  [StoryPlaybackTiming] media-url-generation {"durationMs": 0, "storyCount": 8}
 LOG  [StoryPlaybackTiming] metadata-parsed {"mediaTypes": ["image", "video"], "parseMs": 0, "sinceOpenMs": 145, "storyCount": 2}
 LOG  [StoryPlaybackTiming] player-initialized {"initializeMs": 197, "sinceOpenMs": 342}
 LOG  [StoryPlaybackTiming] next-video-preloaded {"preloadMs": 101, "storyId": "6a4935d7fea81711940985b6"}
 LOG  [StoryPlaybackTiming] image-request-start {"sinceOpenMs": 598, "storyId": "6a492e71fea81711940983c7"}
 LOG  [StoryPlaybackTiming] image-displayed {"sinceOpenMs": 600, "storyId": "6a492e71fea81711940983c7"}
 LOG  [StoryPlaybackTiming] image-loaded {"sinceOpenMs": 660, "storyId": "6a492e71fea81711940983c7"}
 LOG  [StoryPlaybackTiming] media-url-generation {"durationMs": 0, "storyCount": 6}
 LOG  [StoryPlaybackTiming] media-url-generation {"durationMs": 0, "storyCount": 8}
 LOG  [StoryPlaybackTiming] video-request-start {"sinceOpenMs": 8816, "storyId": "6a4935d7fea81711940985b6"}
 LOG  [StoryPlaybackTiming] video-status {"oldStatus": "readyToPlay", "sinceRequestMs": 81, "status": "loading", "storyId": "6a4935d7fea81711940985b6"}
 LOG  [StoryPlaybackTiming] first-frame {"bufferingMs": 0, "requestToFirstFrameMs": 83, "sourceLoadToFirstFrameMs": null, "storyId": "6a4935d7fea81711940985b6", "storyOpenToFirstFrameMs": 8899}
 LOG  [StoryPlaybackTiming] video-status {"oldStatus": "loading", "sinceRequestMs": 155, "status": "readyToPlay", "storyId": "6a4935d7fea81711940985b6"}
 LOG  [StoryPlaybackTiming] video-playing {"requestToPlayingMs": 156, "sinceOpenMs": 8972, "storyId": "6a4935d7fea81711940985b6"}
 LOG  [StoryPlaybackTiming] video-status {"oldStatus": "readyToPlay", "sinceRequestMs": 4070, "status": "idle", "storyId": "6a4935d7fea81711940985b6"}
 LOG  [StoryPlaybackTiming] image-request-start {"sinceOpenMs": 13087, "storyId": "6a47ecfbd58fff43ef857e02"}
 LOG  [StoryPlaybackTiming] image-displayed {"sinceOpenMs": 13089, "storyId": "6a47ecfbd58fff43ef857e02"}
 LOG  [StoryPlaybackTiming] image-request-start {"sinceOpenMs": 13090, "storyId": "6a47ecfbd58fff43ef857e02"}
 LOG  [StoryPlaybackTiming] image-loaded {"sinceOpenMs": 13157, "storyId": "6a47ecfbd58fff43ef857e02"}
 LOG  [StoryPlaybackTiming] image-displayed {"sinceOpenMs": 13159, "storyId": "6a47ecfbd58fff43ef857e02"}
 LOG  [StoryPlaybackTiming] image-loaded {"sinceOpenMs": 13160, "storyId": "6a47ecfbd58fff43ef857e02"}
 LOG  [StoryPlaybackTiming] image-request-start {"sinceOpenMs": 18170, "storyId": "6a47edaad58fff43ef857ec8"}
 LOG  [StoryPlaybackTiming] image-displayed {"sinceOpenMs": 18229, "storyId": "6a47edaad58fff43ef857ec8"}
 LOG  [StoryPlaybackTiming] image-loaded {"sinceOpenMs": 18231, "storyId": "6a47edaad58fff43ef857ec8"}
 LOG  [StoryPlaybackTiming] image-request-start {"sinceOpenMs": 23417, "storyId": "6a47edd9d58fff43ef857f2a"}
 LOG  [StoryPlaybackTiming] image-displayed {"sinceOpenMs": 23418, "storyId": "6a47edd9d58fff43ef857f2a"}
 LOG  [StoryPlaybackTiming] image-loaded {"sinceOpenMs": 23419, "storyId": "6a47edd9d58fff43ef857f2a"}
 LOG  [StoryPlaybackTiming] image-request-start {"sinceOpenMs": 28514, "storyId": "6a47fbcfd58fff43ef8580f3"}
 LOG  [StoryPlaybackTiming] image-displayed {"sinceOpenMs": 28515, "storyId": "6a47fbcfd58fff43ef8580f3"}
 LOG  [StoryPlaybackTiming] next-video-preloaded {"preloadMs": 71, "storyId": "6a48008ed58fff43ef858733"}
 LOG  [StoryPlaybackTiming] image-loaded {"sinceOpenMs": 28534, "storyId": "6a47fbcfd58fff43ef8580f3"}
 LOG  [StoryPlaybackTiming] video-request-start {"sinceOpenMs": 33574, "storyId": "6a48008ed58fff43ef858733"}
 LOG  [StoryPlaybackTiming] video-status {"oldStatus": "readyToPlay", "sinceRequestMs": 55, "status": "loading", "storyId": "6a48008ed58fff43ef858733"}
 LOG  [StoryPlaybackTiming] first-frame {"bufferingMs": 0, "requestToFirstFrameMs": 67, "sourceLoadToFirstFrameMs": null, "storyId": "6a48008ed58fff43ef858733", "storyOpenToFirstFrameMs": 33641}
 LOG  [StoryPlaybackTiming] video-status {"oldStatus": "loading", "sinceRequestMs": 125, "status": "readyToPlay", "storyId": "6a48008ed58fff43ef858733"}
 LOG  [StoryPlaybackTiming] video-playing {"requestToPlayingMs": 127, "sinceOpenMs": 33701, "storyId": "6a48008ed58fff43ef858733"}
 LOG  [StoryPlaybackTiming] video-status {"oldStatus": "readyToPlay", "sinceRequestMs": 2746, "status": "idle", "storyId": "6a48008ed58fff43ef858733"}
 LOG  [StoryPlaybackTiming] image-request-start {"sinceOpenMs": 36487, "storyId": "6a492e44fea81711940981d9"}
 LOG  [StoryPlaybackTiming] image-displayed {"sinceOpenMs": 36488, "storyId": "6a492e44fea81711940981d9"}
 LOG  [StoryPlaybackTiming] image-loaded {"sinceOpenMs": 36490, "storyId": "6a492e44fea81711940981d9"}
 LOG  [StoryPlaybackTiming] media-url-generation {"durationMs": 0, "storyCount": 6}
 LOG  [StoryPlaybackTiming] media-url-generation {"durationMs": 0, "storyCount": 8}
